npm verb cli C:\Program Files\nodejs\node.exe C:\Users\junio\AppData\Roaming\npm\node_modules\npm\bin\npm-cli.js
npm info using npm@9.7.1
npm info using node@v18.16.0
npm verb title npm install
npm verb argv "install" "--legacy-peer-deps" "--loglevel" "verbose"
npm verb logfile logs-max:10 dir:C:\Users\junio\AppData\Local\npm-cache\_logs\2024-07-27T00_23_33_683Z-
npm verb logfile C:\Users\junio\AppData\Local\npm-cache\_logs\2024-07-27T00_23_33_683Z-debug-0.log
npm http fetch GET 200 https://registry.npmjs.org/@faker-js%2ffaker 11ms (cache hit)
npm http fetch GET 200 https://registry.npmjs.org/cypress-mochawesome-reporter 3ms (cache hit)
npm http fetch GET 200 https://registry.npmjs.org/browserstack-cypress-cli 3ms (cache hit)
npm http fetch GET 200 https://registry.npmjs.org/cypress 4ms (cache hit)
npm http fetch GET 200 https://registry.npmjs.org/async 121ms (cache hit)
npm http fetch GET 200 https://registry.npmjs.org/chalk 122ms (cache hit)
npm http fetch GET 200 https://registry.npmjs.org/browserstack-local 124ms (cache hit)
npm http fetch GET 200 https://registry.npmjs.org/archiver 124ms (cache hit)
npm http fetch GET 200 https://registry.npmjs.org/getmac 124ms (cache hit)
npm http fetch GET 200 https://registry.npmjs.org/git-repo-info 124ms (cache hit)
npm http fetch GET 200 https://registry.npmjs.org/fs-extra 127ms (cache hit)
npm http fetch GET 200 https://registry.npmjs.org/gitconfiglocal 128ms (cache hit)
npm http fetch GET 200 https://registry.npmjs.org/cli-progress 130ms (cache hit)
npm http fetch GET 200 https://registry.npmjs.org/git-last-commit 130ms (cache hit)
npm http fetch GET 200 https://registry.npmjs.org/glob 129ms (cache hit)
npm http fetch GET 200 https://registry.npmjs.org/request 131ms (cache hit)
npm http fetch GET 200 https://registry.npmjs.org/requestretry 131ms (cache hit)
npm http fetch GET 200 https://registry.npmjs.org/mkdirp 132ms (cache hit)
npm http fetch GET 200 https://registry.npmjs.org/mocha 133ms (cache hit)
npm http fetch GET 200 https://registry.npmjs.org/update-notifier 135ms (cache hit)
npm http fetch GET 200 https://registry.npmjs.org/windows-release 135ms (cache hit)
npm http fetch GET 200 https://registry.npmjs.org/node-ipc 138ms (cache hit)
npm http fetch GET 200 https://registry.npmjs.org/arch 132ms (cache hit)
npm http fetch GET 200 https://registry.npmjs.org/uuid 137ms (cache hit)
npm http fetch GET 200 https://registry.npmjs.org/table 138ms (cache hit)
npm http fetch GET 200 https://registry.npmjs.org/decompress 136ms (cache hit)
npm http fetch GET 200 https://registry.npmjs.org/winston 138ms (cache hit)
npm http fetch GET 200 https://registry.npmjs.org/debug 134ms (cache hit)
npm http fetch GET 200 https://registry.npmjs.org/tmp 136ms (cache hit)
npm http fetch GET 200 https://registry.npmjs.org/chalk 136ms (cache hit)
npm http fetch GET 200 https://registry.npmjs.org/execa 136ms (cache hit)
npm http fetch GET 200 https://registry.npmjs.org/dayjs 138ms (cache hit)
npm http fetch GET 200 https://registry.npmjs.org/getos 137ms (cache hit)
npm http fetch GET 200 https://registry.npmjs.org/buffer 136ms (cache hit)
npm http fetch GET 200 https://registry.npmjs.org/yauzl 137ms (cache hit)
npm http fetch GET 200 https://registry.npmjs.org/is-ci 139ms (cache hit)
npm http fetch GET 200 https://registry.npmjs.org/yargs 145ms (cache hit)
npm http fetch GET 200 https://registry.npmjs.org/semver 138ms (cache hit)
npm http fetch GET 200 https://registry.npmjs.org/process 138ms (cache hit)
npm http fetch GET 200 https://registry.npmjs.org/cachedir 137ms (cache hit)
npm http fetch GET 200 https://registry.npmjs.org/lodash 140ms (cache hit)
npm http fetch GET 200 https://registry.npmjs.org/ospath 140ms (cache hit)
npm http fetch GET 200 https://registry.npmjs.org/enquirer 137ms (cache hit)
npm http fetch GET 200 https://registry.npmjs.org/lazy-ass 136ms (cache hit)
npm http fetch GET 200 https://registry.npmjs.org/minimist 136ms (cache hit)
npm http fetch GET 200 https://registry.npmjs.org/blob-util 136ms (cache hit)
npm http fetch GET 200 https://registry.npmjs.org/listr2 143ms (cache hit)
npm http fetch GET 200 https://registry.npmjs.org/bluebird 145ms (cache hit)
npm http fetch GET 200 https://registry.npmjs.org/figures 146ms (cache hit)
npm http fetch GET 200 https://registry.npmjs.org/untildify 141ms (cache hit)
npm http fetch GET 200 https://registry.npmjs.org/commander 141ms (cache hit)
npm http fetch GET 200 https://registry.npmjs.org/fs-extra 145ms (cache hit)
npm http fetch GET 200 https://registry.npmjs.org/cli-table3 141ms (cache hit)
npm http fetch GET 200 https://registry.npmjs.org/cli-cursor 143ms (cache hit)
npm http fetch GET 200 https://registry.npmjs.org/common-tags 141ms (cache hit)
npm http fetch GET 200 https://registry.npmjs.org/extract-zip 140ms (cache hit)
npm http fetch GET 200 https://registry.npmjs.org/executable 142ms (cache hit)
npm http fetch GET 200 https://registry.npmjs.org/@cypress%2fxvfb 136ms (cache hit)
npm http fetch GET 200 https://registry.npmjs.org/log-symbols 140ms (cache hit)
npm http fetch GET 200 https://registry.npmjs.org/@types%2fsizzle 136ms (cache hit)
npm http fetch GET 200 https://registry.npmjs.org/proxy-from-env 135ms (cache hit)
npm http fetch GET 200 https://registry.npmjs.org/pretty-bytes 141ms (cache hit)
npm http fetch GET 200 https://registry.npmjs.org/eventemitter2 137ms (cache hit)
npm http fetch GET 200 https://registry.npmjs.org/request-progress 135ms (cache hit)
npm http fetch GET 200 https://registry.npmjs.org/@cypress%2frequest 136ms (cache hit)
npm http fetch GET 200 https://registry.npmjs.org/is-installed-globally 135ms (cache hit)
npm http fetch GET 200 https://registry.npmjs.org/@types%2fsinonjs__fake-timers 135ms (cache hit)
npm http fetch GET 200 https://registry.npmjs.org/fs-extra 133ms (cache hit)
npm http fetch GET 200 https://registry.npmjs.org/check-more-types 137ms (cache hit)
npm http fetch GET 200 https://registry.npmjs.org/commander 135ms (cache hit)
npm http fetch GET 200 https://registry.npmjs.org/supports-color 140ms (cache hit)
npm http fetch GET 200 https://registry.npmjs.org/mochawesome-merge 136ms (cache hit)
npm http fetch GET 200 https://registry.npmjs.org/mochawesome 138ms (cache hit)
npm http fetch GET 200 https://registry.npmjs.org/mochawesome-report-generator 139ms (cache hit)
npm http fetch GET 200 https://registry.npmjs.org/buffer-crc32 165ms (cache hit)
npm http fetch GET 200 https://registry.npmjs.org/zip-stream 164ms (cache hit)
npm http fetch GET 200 https://registry.npmjs.org/archiver-utils 167ms (cache hit)
npm http fetch GET 200 https://registry.npmjs.org/https-proxy-agent 163ms (cache hit)
npm http fetch GET 200 https://registry.npmjs.org/readable-stream 167ms (cache hit)
npm http fetch GET 200 https://registry.npmjs.org/readdir-glob 168ms (cache hit)
npm http fetch GET 200 https://registry.npmjs.org/temp-fs 165ms (cache hit)
npm http fetch GET 200 https://registry.npmjs.org/is-running 166ms (cache hit)
npm http fetch GET 200 https://registry.npmjs.org/tar-stream 168ms (cache hit)
npm http fetch GET 200 https://registry.npmjs.org/ansi-styles 165ms (cache hit)
npm http fetch GET 200 https://registry.npmjs.org/ps-tree 168ms (cache hit)
npm http fetch GET 200 https://registry.npmjs.org/decompress-tarbz2 164ms (cache hit)
npm http fetch GET 200 https://registry.npmjs.org/decompress-tar 164ms (cache hit)
npm http fetch GET 200 https://registry.npmjs.org/agent-base 168ms (cache hit)
npm http fetch GET 200 https://registry.npmjs.org/string-width 166ms (cache hit)
npm http fetch GET 200 https://registry.npmjs.org/decompress-unzip 165ms (cache hit)
npm http fetch GET 200 https://registry.npmjs.org/decompress-targz 165ms (cache hit)
npm http fetch GET 200 https://registry.npmjs.org/make-dir 165ms (cache hit)
npm http fetch GET 200 https://registry.npmjs.org/graceful-fs 165ms (cache hit)
npm http fetch GET 200 https://registry.npmjs.org/jsonfile 164ms (cache hit)
npm http fetch GET 200 https://registry.npmjs.org/universalify 163ms (cache hit)
npm http fetch GET 200 https://registry.npmjs.org/strip-dirs 165ms (cache hit)
npm http fetch GET 200 https://registry.npmjs.org/pify 167ms (cache hit)
npm http fetch GET 200 https://registry.npmjs.org/once 159ms (cache hit)
npm http fetch GET 200 https://registry.npmjs.org/ini 163ms (cache hit)
npm http fetch GET 200 https://registry.npmjs.org/inherits 162ms (cache hit)
npm http fetch GET 200 https://registry.npmjs.org/inflight 163ms (cache hit)
npm http fetch GET 200 https://registry.npmjs.org/fs.realpath 161ms (cache hit)
npm http fetch GET 200 https://registry.npmjs.org/path-is-absolute 161ms (cache hit)
npm http fetch GET 200 https://registry.npmjs.org/graceful-fs 170ms (cache hit)
npm http fetch GET 200 https://registry.npmjs.org/browser-stdout 160ms (cache hit)
npm http fetch GET 200 https://registry.npmjs.org/ansi-colors 161ms (cache hit)
npm http fetch GET 200 https://registry.npmjs.org/escape-string-regexp 159ms (cache hit)
npm http fetch GET 200 https://registry.npmjs.org/diff 160ms (cache hit)
npm http fetch GET 200 https://registry.npmjs.org/minimatch 164ms (cache hit)
npm http fetch GET 200 https://registry.npmjs.org/find-up 161ms (cache hit)
npm http fetch GET 200 https://registry.npmjs.org/he 161ms (cache hit)
npm http fetch GET 200 https://registry.npmjs.org/chokidar 163ms (cache hit)
npm http fetch GET 200 https://registry.npmjs.org/ms 161ms (cache hit)
npm http fetch GET 200 https://registry.npmjs.org/js-yaml 163ms (cache hit)
npm http fetch GET 200 https://registry.npmjs.org/strip-json-comments 161ms (cache hit)
npm http fetch GET 200 https://registry.npmjs.org/yargs-unparser 161ms (cache hit)
npm http fetch GET 200 https://registry.npmjs.org/minimatch 164ms (cache hit)
npm http fetch GET 200 https://registry.npmjs.org/serialize-javascript 164ms (cache hit)
npm http fetch GET 200 https://registry.npmjs.org/event-pubsub 162ms (cache hit)
npm http fetch GET 200 https://registry.npmjs.org/js-queue 161ms (cache hit)
npm http fetch GET 200 https://registry.npmjs.org/js-message 162ms (cache hit)
npm http fetch GET 200 https://registry.npmjs.org/yargs-parser 164ms (cache hit)
npm http fetch GET 200 https://registry.npmjs.org/aws-sign2 162ms (cache hit)
npm http fetch GET 200 https://registry.npmjs.org/workerpool 166ms (cache hit)
npm http fetch GET 200 https://registry.npmjs.org/caseless 163ms (cache hit)
npm http fetch GET 200 https://registry.npmjs.org/aws4 163ms (cache hit)
npm http fetch GET 200 https://registry.npmjs.org/combined-stream 162ms (cache hit)
npm http fetch GET 200 https://registry.npmjs.org/forever-agent 162ms (cache hit)
npm http fetch GET 200 https://registry.npmjs.org/extend 163ms (cache hit)
npm http fetch GET 200 https://registry.npmjs.org/is-typedarray 158ms (cache hit)
npm http fetch GET 200 https://registry.npmjs.org/har-validator 159ms (cache hit)
npm http fetch GET 200 https://registry.npmjs.org/isstream 159ms (cache hit)
npm http fetch GET 200 https://registry.npmjs.org/form-data 163ms (cache hit)
npm http fetch GET 200 https://registry.npmjs.org/http-signature 161ms (cache hit)
npm http fetch GET 200 https://registry.npmjs.org/performance-now 158ms (cache hit)
npm http fetch GET 200 https://registry.npmjs.org/safe-buffer 157ms (cache hit)
npm http fetch GET 200 https://registry.npmjs.org/mime-types 160ms (cache hit)
npm http fetch GET 200 https://registry.npmjs.org/oauth-sign 160ms (cache hit)
npm http fetch GET 200 https://registry.npmjs.org/tunnel-agent 158ms (cache hit)
npm http fetch GET 200 https://registry.npmjs.org/tough-cookie 159ms (cache hit)
npm http fetch GET 200 https://registry.npmjs.org/qs 160ms (cache hit)
npm http fetch GET 200 https://registry.npmjs.org/json-stringify-safe 164ms (cache hit)
npm http fetch GET 200 https://registry.npmjs.org/extend 159ms (cache hit)
npm http fetch GET 200 https://registry.npmjs.org/string-width 157ms (cache hit)
npm http fetch GET 200 https://registry.npmjs.org/@types%2fnode 189ms (cache hit)
npm http fetch GET 200 https://registry.npmjs.org/is-npm 172ms (cache hit)
npm http fetch GET 200 https://registry.npmjs.org/pupa 174ms (cache hit)
npm http fetch GET 200 https://registry.npmjs.org/ajv 176ms (cache hit)
npm http fetch GET 200 https://registry.npmjs.org/is-in-ci 176ms (cache hit)
npm http fetch GET 200 https://registry.npmjs.org/slice-ansi 180ms (cache hit)
npm http fetch GET 200 https://registry.npmjs.org/semver-diff 176ms (cache hit)
npm http fetch GET 200 https://registry.npmjs.org/configstore 177ms (cache hit)
npm http fetch GET 200 https://registry.npmjs.org/boxen 179ms (cache hit)
npm http fetch GET 200 https://registry.npmjs.org/import-lazy 178ms (cache hit)
npm http fetch GET 200 https://registry.npmjs.org/xdg-basedir 178ms (cache hit)
npm http fetch GET 200 https://registry.npmjs.org/cycle 174ms (cache hit)
npm http fetch GET 200 https://registry.npmjs.org/eyes 175ms (cache hit)
npm http fetch GET 200 https://registry.npmjs.org/latest-version 178ms (cache hit)
npm http fetch GET 200 https://registry.npmjs.org/colors 175ms (cache hit)
npm http fetch GET 200 https://registry.npmjs.org/isstream 173ms (cache hit)
npm http fetch GET 200 https://registry.npmjs.org/y18n 172ms (cache hit)
npm http fetch GET 200 https://registry.npmjs.org/decamelize 171ms (cache hit)
npm http fetch GET 200 https://registry.npmjs.org/find-up 171ms (cache hit)
npm http fetch GET 200 https://registry.npmjs.org/set-blocking 172ms (cache hit)
npm http fetch GET 200 https://registry.npmjs.org/stack-trace 174ms (cache hit)
npm http fetch GET 200 https://registry.npmjs.org/which-module 171ms (cache hit)
npm http fetch GET 200 https://registry.npmjs.org/cliui 173ms (cache hit)
npm http fetch GET 200 https://registry.npmjs.org/get-caller-file 171ms (cache hit)
npm http fetch GET 200 https://registry.npmjs.org/require-directory 171ms (cache hit)
npm http fetch GET 200 https://registry.npmjs.org/yargs-parser 172ms (cache hit)
npm http fetch GET 200 https://registry.npmjs.org/require-main-filename 172ms (cache hit)
npm http fetch GET 200 https://registry.npmjs.org/lazystream 28ms (cache hit)
npm http fetch GET 200 https://registry.npmjs.org/lodash.isplainobject 27ms (cache hit)
npm http fetch GET 200 https://registry.npmjs.org/lodash.difference 28ms (cache hit)
npm http fetch GET 200 https://registry.npmjs.org/normalize-path 27ms (cache hit)
npm http fetch GET 200 https://registry.npmjs.org/string_decoder 26ms (cache hit)
npm http fetch GET 200 https://registry.npmjs.org/lodash.union 28ms (cache hit)
npm http fetch GET 200 https://registry.npmjs.org/util-deprecate 26ms (cache hit)
npm http fetch GET 200 https://registry.npmjs.org/lodash.flatten 30ms (cache hit)
npm http fetch GET 200 https://registry.npmjs.org/lodash.defaults 31ms (cache hit)
npm http fetch GET 200 https://registry.npmjs.org/bl 25ms (cache hit)
npm http fetch GET 200 https://registry.npmjs.org/end-of-stream 26ms (cache hit)
npm http fetch GET 200 https://registry.npmjs.org/compress-commons 24ms (cache hit)
npm http fetch GET 200 https://registry.npmjs.org/fs-constants 26ms (cache hit)
npm http fetch GET 200 https://registry.npmjs.org/core-util-is 6ms (cache hit)
npm http fetch GET 200 https://registry.npmjs.org/isarray 6ms (cache hit)
npm http fetch GET 200 https://registry.npmjs.org/process-nextick-args 6ms (cache hit)
npm http fetch GET 200 https://registry.npmjs.org/event-stream 5ms (cache hit)
npm http fetch GET 200 https://registry.npmjs.org/rimraf 6ms (cache hit)
npm http fetch GET 200 https://registry.npmjs.org/color-convert 5ms (cache hit)
npm http fetch GET 200 https://registry.npmjs.org/has-flag 4ms (cache hit)
npm http fetch GET 200 https://registry.npmjs.org/color-name 2ms (cache hit)
npm http fetch GET 200 https://registry.npmjs.org/strip-ansi 5ms (cache hit)
npm http fetch GET 200 https://registry.npmjs.org/is-fullwidth-code-point 4ms (cache hit)
npm http fetch GET 200 https://registry.npmjs.org/emoji-regex 5ms (cache hit)
npm http fetch GET 200 https://registry.npmjs.org/lodash.once 60ms (cache hit)
npm http fetch GET 200 https://registry.npmjs.org/onetime 53ms (cache hit)
npm http fetch GET 200 https://registry.npmjs.org/ieee754 58ms (cache hit)
npm http fetch GET 200 https://registry.npmjs.org/restore-cursor 57ms (cache hit)
npm http fetch GET 200 https://registry.npmjs.org/base64-js 59ms (cache hit)
npm http fetch GET 200 https://registry.npmjs.org/npm-run-path 52ms (cache hit)
npm http fetch GET 200 https://registry.npmjs.org/cross-spawn 54ms (cache hit)
npm http fetch GET 200 https://registry.npmjs.org/is-stream 54ms (cache hit)
npm http fetch GET 200 https://registry.npmjs.org/signal-exit 54ms (cache hit)
npm http fetch GET 200 https://registry.npmjs.org/human-signals 53ms (cache hit)
npm http fetch GET 200 https://registry.npmjs.org/merge-stream 54ms (cache hit)
npm http fetch GET 200 https://registry.npmjs.org/get-stream 55ms (cache hit)
npm http fetch GET 200 https://registry.npmjs.org/strip-final-newline 54ms (cache hit)
npm http fetch GET 200 https://registry.npmjs.org/get-stream 53ms (cache hit)
npm http fetch GET 200 https://registry.npmjs.org/@colors%2fcolors 59ms (cache hit)
npm http fetch GET 200 https://registry.npmjs.org/@types%2fyauzl 53ms (cache hit)
npm http fetch GET 200 https://registry.npmjs.org/ci-info 51ms (cache hit)
npm http fetch GET 200 https://registry.npmjs.org/at-least-node 52ms (cache hit)
npm http fetch GET 200 https://registry.npmjs.org/rfdc 49ms (cache hit)
npm http fetch GET 200 https://registry.npmjs.org/is-path-inside 51ms (cache hit)
npm http fetch GET 200 https://registry.npmjs.org/global-dirs 51ms (cache hit)
npm http fetch GET 200 https://registry.npmjs.org/colorette 48ms (cache hit)
npm http fetch GET 200 https://registry.npmjs.org/through 49ms (cache hit)
npm http fetch GET 200 https://registry.npmjs.org/p-map 50ms (cache hit)
npm http fetch GET 200 https://registry.npmjs.org/log-update 48ms (cache hit)
npm http fetch GET 200 https://registry.npmjs.org/wrap-ansi 50ms (cache hit)
npm http fetch GET 200 https://registry.npmjs.org/cli-truncate 49ms (cache hit)
npm http fetch GET 200 https://registry.npmjs.org/rxjs 52ms (cache hit)
npm http fetch GET 200 https://registry.npmjs.org/throttleit 48ms (cache hit)
npm http fetch GET 200 https://registry.npmjs.org/fd-slicer 45ms (cache hit)
npm http fetch GET 200 https://registry.npmjs.org/is-unicode-supported 52ms (cache hit)
npm http fetch GET 200 https://registry.npmjs.org/delayed-stream 21ms (cache hit)
npm http fetch GET 200 https://registry.npmjs.org/assert-plus 19ms (cache hit)
npm http fetch GET 200 https://registry.npmjs.org/asynckit 20ms (cache hit)
npm http fetch GET 200 https://registry.npmjs.org/jsprim 19ms (cache hit)
npm http fetch GET 200 https://registry.npmjs.org/mime-db 16ms (cache hit)
npm http fetch GET 200 https://registry.npmjs.org/psl 15ms (cache hit)
npm http fetch GET 200 https://registry.npmjs.org/side-channel 16ms (cache hit)
npm http fetch GET 200 https://registry.npmjs.org/sshpk 22ms (cache hit)
npm http fetch GET 200 https://registry.npmjs.org/url-parse 15ms (cache hit)
npm http fetch GET 200 https://registry.npmjs.org/punycode 17ms (cache hit)
npm http fetch GET 200 https://registry.npmjs.org/lodash.isobject 22ms (cache hit)
npm http fetch GET 200 https://registry.npmjs.org/lodash.isempty 22ms (cache hit)
npm http fetch GET 200 https://registry.npmjs.org/lodash.isfunction 22ms (cache hit)
npm http fetch GET 200 https://registry.npmjs.org/lodash.isstring 22ms (cache hit)
npm http fetch GET 200 https://registry.npmjs.org/dateformat 20ms (cache hit)
npm http fetch GET 200 https://registry.npmjs.org/opener 19ms (cache hit)
npm http fetch GET 200 https://registry.npmjs.org/escape-html 21ms (cache hit)
npm http fetch GET 200 https://registry.npmjs.org/fsu 20ms (cache hit)
npm http fetch GET 200 https://registry.npmjs.org/validator 18ms (cache hit)
npm http fetch GET 200 https://registry.npmjs.org/prop-types 20ms (cache hit)
npm http fetch GET 200 https://registry.npmjs.org/tcomb 21ms (cache hit)
npm http fetch GET 200 https://registry.npmjs.org/tcomb-validation 20ms (cache hit)
npm http fetch GET 200 https://registry.npmjs.org/file-type 38ms (cache hit)
npm http fetch GET 200 https://registry.npmjs.org/seek-bzip 39ms (cache hit)
npm http fetch GET 200 https://registry.npmjs.org/file-type 36ms (cache hit)
npm http fetch GET 200 https://registry.npmjs.org/unbzip2-stream 42ms (cache hit)
npm http fetch GET 200 https://registry.npmjs.org/is-natural-number 40ms (cache hit)
npm http fetch GET 200 https://registry.npmjs.org/file-type 45ms (cache hit)
npm http fetch GET 200 https://registry.npmjs.org/to-buffer 5ms (cache hit)
npm http fetch GET 200 https://registry.npmjs.org/buffer-alloc 6ms (cache hit)
npm http fetch GET 200 https://registry.npmjs.org/xtend 5ms (cache hit)
npm http fetch GET 200 https://registry.npmjs.org/object-assign 4ms (cache hit)
npm http fetch GET 200 https://registry.npmjs.org/pinkie-promise 4ms (cache hit)
npm http fetch GET 200 https://registry.npmjs.org/ansi-regex 2ms (cache hit)
npm http fetch GET 200 https://registry.npmjs.org/shebang-command 13ms (cache hit)
npm http fetch GET 200 https://registry.npmjs.org/which 13ms (cache hit)
npm http fetch GET 200 https://registry.npmjs.org/pump 12ms (cache hit)
npm http fetch GET 200 https://registry.npmjs.org/path-key 15ms (cache hit)
npm http fetch GET 200 https://registry.npmjs.org/mimic-fn 11ms (cache hit)
npm http fetch GET 200 https://registry.npmjs.org/path-key 12ms (cache hit)
npm http fetch GET 200 https://registry.npmjs.org/shebang-regex 4ms (cache hit)
npm http fetch GET 200 https://registry.npmjs.org/isexe 4ms (cache hit)
npm http fetch GET 200 https://registry.npmjs.org/undici-types 2ms (cache hit)
npm http fetch GET 200 https://registry.npmjs.org/pinkie 3ms (cache hit)
npm http fetch GET 200 https://registry.npmjs.org/wrappy 8ms (cache hit)
npm http fetch GET 200 https://registry.npmjs.org/brace-expansion 6ms (cache hit)
npm http fetch GET 200 https://registry.npmjs.org/extsprintf 17ms (cache hit)
npm http fetch GET 200 https://registry.npmjs.org/dashdash 14ms (cache hit)
npm http fetch GET 200 https://registry.npmjs.org/json-schema 17ms (cache hit)
npm http fetch GET 200 https://registry.npmjs.org/getpass 15ms (cache hit)
npm http fetch GET 200 https://registry.npmjs.org/verror 17ms (cache hit)
npm http fetch GET 200 https://registry.npmjs.org/asn1 17ms (cache hit)
npm http fetch GET 200 https://registry.npmjs.org/safer-buffer 19ms (cache hit)
npm http fetch GET 200 https://registry.npmjs.org/jsbn 18ms (cache hit)
npm http fetch GET 200 https://registry.npmjs.org/ecc-jsbn 17ms (cache hit)
npm http fetch GET 200 https://registry.npmjs.org/tweetnacl 18ms (cache hit)
npm http fetch GET 200 https://registry.npmjs.org/bcrypt-pbkdf 18ms (cache hit)
npm http fetch GET 200 https://registry.npmjs.org/ansi-escapes 9ms (cache hit)
npm http fetch GET 200 https://registry.npmjs.org/aggregate-error 8ms (cache hit)
npm http fetch GET 200 https://registry.npmjs.org/tslib 7ms (cache hit)
npm http fetch GET 200 https://registry.npmjs.org/astral-regex 3ms (cache hit)
npm http fetch GET 200 https://registry.npmjs.org/type-fest 7ms (cache hit)
npm http fetch GET 200 https://registry.npmjs.org/balanced-match 4ms (cache hit)
npm http fetch GET 200 https://registry.npmjs.org/concat-map 4ms (cache hit)
npm http fetch GET 200 https://registry.npmjs.org/is-glob 30ms (cache hit)
npm http fetch GET 200 https://registry.npmjs.org/readdirp 31ms (cache hit)
npm http fetch GET 200 https://registry.npmjs.org/anymatch 33ms (cache hit)
npm http fetch GET 200 https://registry.npmjs.org/glob-parent 33ms (cache hit)
npm http fetch GET 200 https://registry.npmjs.org/fsevents 31ms (cache hit)
npm http fetch GET 200 https://registry.npmjs.org/braces 35ms (cache hit)
npm http fetch GET 200 https://registry.npmjs.org/is-binary-path 34ms (cache hit)
npm http fetch GET 200 https://registry.npmjs.org/argparse 29ms (cache hit)
npm http fetch GET 200 https://registry.npmjs.org/path-exists 31ms (cache hit)
npm http fetch GET 200 https://registry.npmjs.org/locate-path 32ms (cache hit)
npm http fetch GET 200 https://registry.npmjs.org/escalade 26ms (cache hit)
npm http fetch GET 200 https://registry.npmjs.org/flat 24ms (cache hit)
npm http fetch GET 200 https://registry.npmjs.org/randombytes 30ms (cache hit)
npm http fetch GET 200 https://registry.npmjs.org/camelcase 26ms (cache hit)
npm http fetch GET 200 https://registry.npmjs.org/is-plain-obj 25ms (cache hit)
npm http fetch GET 200 https://registry.npmjs.org/picomatch 12ms (cache hit)
npm http fetch GET 200 https://registry.npmjs.org/fill-range 11ms (cache hit)
npm http fetch GET 200 https://registry.npmjs.org/binary-extensions 11ms (cache hit)
npm http fetch GET 200 https://registry.npmjs.org/is-extglob 10ms (cache hit)
npm http fetch GET 200 https://registry.npmjs.org/picomatch 10ms (cache hit)
npm http fetch GET 200 https://registry.npmjs.org/to-regex-range 3ms (cache hit)
npm http fetch GET 200 https://registry.npmjs.org/is-number 3ms (cache hit)
npm http fetch GET 200 https://registry.npmjs.org/p-locate 3ms (cache hit)
npm http fetch GET 200 https://registry.npmjs.org/p-limit 3ms (cache hit)
npm http fetch GET 200 https://registry.npmjs.org/loose-envify 10ms (cache hit)
npm http fetch GET 200 https://registry.npmjs.org/react-is 12ms (cache hit)
npm http fetch GET 200 https://registry.npmjs.org/easy-stack 3ms (cache hit)
npm http fetch GET 200 https://registry.npmjs.org/yocto-queue 6ms (cache hit)
npm http fetch GET 200 https://registry.npmjs.org/clean-stack 4ms (cache hit)
npm http fetch GET 200 https://registry.npmjs.org/indent-string 5ms (cache hit)
npm http fetch GET 200 https://registry.npmjs.org/js-tokens 4ms (cache hit)
npm http fetch GET 200 https://registry.npmjs.org/duplexer 10ms (cache hit)
npm http fetch GET 200 https://registry.npmjs.org/pause-stream 9ms (cache hit)
npm http fetch GET 200 https://registry.npmjs.org/map-stream 9ms (cache hit)
npm http fetch GET 200 https://registry.npmjs.org/from 11ms (cache hit)
npm http fetch GET 200 https://registry.npmjs.org/stream-combiner 9ms (cache hit)
npm http fetch GET 200 https://registry.npmjs.org/split 9ms (cache hit)
npm http fetch GET 200 https://registry.npmjs.org/es-errors 8ms (cache hit)
npm http fetch GET 200 https://registry.npmjs.org/get-intrinsic 8ms (cache hit)
npm http fetch GET 200 https://registry.npmjs.org/object-inspect 8ms (cache hit)
npm http fetch GET 200 https://registry.npmjs.org/call-bind 9ms (cache hit)
npm http fetch GET 200 https://registry.npmjs.org/har-schema 7ms (cache hit)
npm http fetch GET 200 https://registry.npmjs.org/json-schema-traverse 9ms (cache hit)
npm http fetch GET 200 https://registry.npmjs.org/uri-js 10ms (cache hit)
npm http fetch GET 200 https://registry.npmjs.org/fast-deep-equal 11ms (cache hit)
npm http fetch GET 200 https://registry.npmjs.org/fast-json-stable-stringify 10ms (cache hit)
npm http fetch GET 200 https://registry.npmjs.org/function-bind 9ms (cache hit)
npm http fetch GET 200 https://registry.npmjs.org/es-define-property 10ms (cache hit)
npm http fetch GET 200 https://registry.npmjs.org/hasown 7ms (cache hit)
npm http fetch GET 200 https://registry.npmjs.org/has-symbols 8ms (cache hit)
npm http fetch GET 200 https://registry.npmjs.org/set-function-length 9ms (cache hit)
npm http fetch GET 200 https://registry.npmjs.org/has-proto 9ms (cache hit)
npm http fetch GET 200 https://registry.npmjs.org/gopd 5ms (cache hit)
npm http fetch GET 200 https://registry.npmjs.org/has-property-descriptors 5ms (cache hit)
npm http fetch GET 200 https://registry.npmjs.org/define-data-property 7ms (cache hit)
npm http fetch GET 200 https://registry.npmjs.org/requires-port 4ms (cache hit)
npm http fetch GET 200 https://registry.npmjs.org/querystringify 6ms (cache hit)
npm http fetch GET 200 https://registry.npmjs.org/cli-boxes 18ms (cache hit)
npm http fetch GET 200 https://registry.npmjs.org/widest-line 18ms (cache hit)
npm http fetch GET 200 https://registry.npmjs.org/ansi-align 19ms (cache hit)
npm http fetch GET 200 https://registry.npmjs.org/unique-string 16ms (cache hit)
npm http fetch GET 200 https://registry.npmjs.org/write-file-atomic 16ms (cache hit)
npm http fetch GET 200 https://registry.npmjs.org/escape-goat 14ms (cache hit)
npm http fetch GET 200 https://registry.npmjs.org/package-json 15ms (cache hit)
npm http fetch GET 200 https://registry.npmjs.org/dot-prop 18ms (cache hit)
npm http fetch GET 200 https://registry.npmjs.org/eastasianwidth 5ms (cache hit)
npm http fetch GET 200 https://registry.npmjs.org/crypto-random-string 7ms (cache hit)
npm http fetch GET 200 https://registry.npmjs.org/typedarray-to-buffer 6ms (cache hit)
npm http fetch GET 200 https://registry.npmjs.org/is-obj 9ms (cache hit)
npm http fetch GET 200 https://registry.npmjs.org/imurmurhash 7ms (cache hit)
npm http fetch GET 200 https://registry.npmjs.org/got 7ms (cache hit)
npm http fetch GET 200 https://registry.npmjs.org/registry-url 10ms (cache hit)
npm http fetch GET 200 https://registry.npmjs.org/registry-auth-token 9ms (cache hit)
npm http fetch GET 200 https://registry.npmjs.org/@sindresorhus%2fis 18ms (cache hit)
npm http fetch GET 200 https://registry.npmjs.org/responselike 21ms (cache hit)
npm http fetch GET 200 https://registry.npmjs.org/lowercase-keys 20ms (cache hit)
npm http fetch GET 200 https://registry.npmjs.org/http2-wrapper 21ms (cache hit)
npm http fetch GET 200 https://registry.npmjs.org/cacheable-lookup 21ms (cache hit)
npm http fetch GET 200 https://registry.npmjs.org/decompress-response 20ms (cache hit)
npm http fetch GET 200 https://registry.npmjs.org/p-cancelable 23ms (cache hit)
npm http fetch GET 200 https://registry.npmjs.org/cacheable-request 21ms (cache hit)
npm http fetch GET 200 https://registry.npmjs.org/@szmarczak%2fhttp-timer 21ms (cache hit)
npm http fetch GET 200 https://registry.npmjs.org/form-data-encoder 22ms (cache hit)
npm http fetch GET 200 https://registry.npmjs.org/@pnpm%2fnpm-conf 21ms (cache hit)
npm http fetch GET 200 https://registry.npmjs.org/rc 20ms (cache hit)
npm http fetch GET 200 https://registry.npmjs.org/@types%2fhttp-cache-semantics 17ms (cache hit)
npm http fetch GET 200 https://registry.npmjs.org/http-cache-semantics 16ms (cache hit)
npm http fetch GET 200 https://registry.npmjs.org/defer-to-connect 18ms (cache hit)
npm http fetch GET 200 https://registry.npmjs.org/keyv 17ms (cache hit)
npm http fetch GET 200 https://registry.npmjs.org/normalize-url 16ms (cache hit)
npm http fetch GET 200 https://registry.npmjs.org/mimic-response 17ms (cache hit)
npm http fetch GET 200 https://registry.npmjs.org/quick-lru 15ms (cache hit)
npm http fetch GET 200 https://registry.npmjs.org/resolve-alpn 15ms (cache hit)
npm http fetch GET 200 https://registry.npmjs.org/mimic-response 17ms (cache hit)
npm http fetch GET 200 https://registry.npmjs.org/json-buffer 4ms (cache hit)
npm http fetch GET 200 https://registry.npmjs.org/@pnpm%2fconfig.env-replace 5ms (cache hit)
npm http fetch GET 200 https://registry.npmjs.org/@pnpm%2fnetwork.ca-file 5ms (cache hit)
npm http fetch GET 200 https://registry.npmjs.org/config-chain 5ms (cache hit)
npm http fetch GET 200 https://registry.npmjs.org/proto-list 6ms (cache hit)
npm http fetch GET 200 https://registry.npmjs.org/deep-extend 7ms (cache hit)
npm http fetch GET 200 https://registry.npmjs.org/pend 3ms (cache hit)
npm http fetch GET 200 https://registry.npmjs.org/crc32-stream 3ms (cache hit)
npm http fetch GET 200 https://registry.npmjs.org/crc-32 3ms (cache hit)
npm http fetch GET 200 https://registry.npmjs.org/buffer-alloc-unsafe 6ms (cache hit)
npm http fetch GET 200 https://registry.npmjs.org/buffer-fill 5ms (cache hit)
npm http fetch GET 200 https://registry.npmjs.org/p-try 3ms (cache hit)
npm verb reify failed optional dependency C:\Users\junio\Documents\projects\pgats-automacao-web\tmpBstackPackages\node_modules\fsevents
npm http fetch POST 200 https://registry.npmjs.org/-/npm/v1/security/advisories/bulk 1126ms
npm WARN deprecated inflight@1.0.6: This module is not supported, and leaks memory. Do not use it. Check out lru-cache if you want a good and tested way to coalesce async requests by a key value, which is much more comprehensive and powerful.
npm WARN deprecated rimraf@2.5.4: Rimraf versions prior to v4 are no longer supported
npm WARN deprecated har-validator@5.1.5: this library is no longer supported
npm WARN deprecated glob@7.2.3: Glob versions prior to v9 are no longer supported
npm WARN deprecated glob@8.1.0: Glob versions prior to v9 are no longer supported
npm WARN deprecated uuid@3.4.0: Please upgrade  to version 7 or higher.  Older versions may use Math.random() in certain circumstances, which is known to be problematic.  See https://v8.dev/blog/math-random for details.
npm WARN deprecated request@2.88.2: request has been deprecated, see https://github.com/request/request/issues/3142
npm info run cypress@13.13.1 postinstall node_modules/cypress node index.js --exec install
npm info run cypress@13.13.1 postinstall { code: 0, signal: null }

added 501 packages, and audited 502 packages in 19s

96 packages are looking for funding
  run `npm fund` for details

3 moderate severity vulnerabilities

To address all issues (including breaking changes), run:
  npm audit fix --force

Run `npm audit` for details.
npm verb exit 0
npm info ok 
